"C:\Program Files\JetBrains\CLion 2020.2.4\bin\cmake\win\bin\cmake.exe" -DCMAKE_BUILD_TYPE=Release -G "CodeBlocks - NMake Makefiles" C:\Users\leand\OneDrive\Documenten\5_AI_CHESS\UAFTI-ChessAI
-- The C compiler identification is MSVC 19.30.30706.0
-- The CXX compiler identification is MSVC 19.30.30706.0
-- Check for working C compiler: C:/Program Files/Microsoft Visual Studio/2022/Community/VC/Tools/MSVC/14.30.30705/bin/Hostx64/x64/cl.exe
-- Check for working C compiler: C:/Program Files/Microsoft Visual Studio/2022/Community/VC/Tools/MSVC/14.30.30705/bin/Hostx64/x64/cl.exe - broken
CMake Error at C:/Program Files/JetBrains/CLion 2020.2.4/bin/cmake/win/share/cmake-3.17/Modules/CMakeTestCCompiler.cmake:60 (message):
  The C compiler

    "C:/Program Files/Microsoft Visual Studio/2022/Community/VC/Tools/MSVC/14.30.30705/bin/Hostx64/x64/cl.exe"

  is not able to compile a simple test program.

  It fails with the following output:

    Change Dir: C:/Users/leand/OneDrive/Documenten/5_AI_CHESS/UAFTI-ChessAI/cmake-build-release-visual-studio/CMakeFiles/CMakeTmp
    
    Run Build Command(s):nmake /nologo cmTC_28ca5\fast && 	"C:\Program Files\Microsoft Visual Studio\2022\Community\VC\Tools\MSVC\14.30.30705\bin\HostX64\x64\nmake.exe"  -f CMakeFiles\cmTC_28ca5.dir\build.make /nologo -L                  CMakeFiles\cmTC_28ca5.dir\build
    Building C object CMakeFiles/cmTC_28ca5.dir/testCCompiler.c.obj
    	C:\PROGRA~1\MICROS~4\2022\COMMUN~1\VC\Tools\MSVC\1430~1.307\bin\Hostx64\x64\cl.exe @C:\Users\leand\AppData\Local\Temp\nmE6D0.tmp
    testCCompiler.c
    Linking C executable cmTC_28ca5.exe
    	"C:\Program Files\JetBrains\CLion 2020.2.4\bin\cmake\win\bin\cmake.exe" -E vs_link_exe --intdir=CMakeFiles\cmTC_28ca5.dir --rc=rc --mt=CMAKE_MT-NOTFOUND --manifests  -- C:\PROGRA~1\MICROS~4\2022\COMMUN~1\VC\Tools\MSVC\1430~1.307\bin\Hostx64\x64\link.exe /nologo @CMakeFiles\cmTC_28ca5.dir\objects1.rsp @C:\Users\leand\AppData\Local\Temp\nmE7BB.tmp
    RC Pass 1: command "rc /fo CMakeFiles\cmTC_28ca5.dir/manifest.res CMakeFiles\cmTC_28ca5.dir/manifest.rc" failed (exit code 0) with the following output:
    Het systeem kan het opgegeven bestand niet vindenNMAKE : fatal error U1077: '"C:\Program Files\JetBrains\CLion 2020.2.4\bin\cmake\win\bin\cmake.exe"' : return code '0xffffffff'
    Stop.
    NMAKE : fatal error U1077: '"C:\Program Files\Microsoft Visual Studio\2022\Community\VC\Tools\MSVC\14.30.30705\bin\HostX64\x64\nmake.exe"' : return code '0x2'
    Stop.
    
    

  

  CMake will not be able to correctly generate this project.
Call Stack (most recent call first):
  CMakeLists.txt:6 (project)


-- Configuring incomplete, errors occurred!
See also "C:/Users/leand/OneDrive/Documenten/5_AI_CHESS/UAFTI-ChessAI/cmake-build-release-visual-studio/CMakeFiles/CMakeOutput.log".
See also "C:/Users/leand/OneDrive/Documenten/5_AI_CHESS/UAFTI-ChessAI/cmake-build-release-visual-studio/CMakeFiles/CMakeError.log".
